{"contracts/enumerations/CardProposalResult.sol":{"l":{},"path":"/Users/coder/Documents/Code/Blockchains/GiftToken/alyra-projet-certification/contracts/enumerations/CardProposalResult.sol","s":{},"b":{},"f":{},"fnMap":{},"statementMap":{},"branchMap":{}},"contracts/enumerations/CardProposalType.sol":{"l":{},"path":"/Users/coder/Documents/Code/Blockchains/GiftToken/alyra-projet-certification/contracts/enumerations/CardProposalType.sol","s":{},"b":{},"f":{},"fnMap":{},"statementMap":{},"branchMap":{}},"contracts/enumerations/CardStatus.sol":{"l":{},"path":"/Users/coder/Documents/Code/Blockchains/GiftToken/alyra-projet-certification/contracts/enumerations/CardStatus.sol","s":{},"b":{},"f":{},"fnMap":{},"statementMap":{},"branchMap":{}},"contracts/enumerations/Role.sol":{"l":{},"path":"/Users/coder/Documents/Code/Blockchains/GiftToken/alyra-projet-certification/contracts/enumerations/Role.sol","s":{},"b":{},"f":{},"fnMap":{},"statementMap":{},"branchMap":{}},"contracts/enumerations/VoteResult.sol":{"l":{},"path":"/Users/coder/Documents/Code/Blockchains/GiftToken/alyra-projet-certification/contracts/enumerations/VoteResult.sol","s":{},"b":{},"f":{},"fnMap":{},"statementMap":{},"branchMap":{}},"contracts/GiftCard.sol":{"l":{"70":0,"71":0,"78":0,"79":0,"86":0,"87":0,"94":0,"95":0,"102":0,"103":0,"104":0,"111":74,"112":74,"119":0,"120":0,"127":0,"128":0,"135":6,"142":3,"164":65,"165":65,"167":65,"168":65,"169":65,"170":65,"171":65,"172":65,"173":65,"174":65,"175":65,"177":65,"178":0,"181":65,"182":65,"184":65,"185":65,"187":65,"196":0,"204":0,"213":0,"222":0,"230":0,"238":0,"246":0,"254":0,"262":0,"270":0,"280":0,"282":0,"284":0,"285":0,"288":0,"298":0,"299":0,"301":0,"303":0,"304":0,"307":0,"315":0,"324":0,"325":0,"333":0,"341":0,"350":0,"351":0,"353":0,"361":0,"371":0,"373":0,"375":0,"376":0,"379":0,"389":0,"390":0,"392":0,"394":0,"395":0,"398":0,"409":0,"419":74,"420":9,"423":65,"425":65,"433":0,"435":0,"436":0,"437":0,"439":0,"449":139,"460":74,"461":74,"464":74,"465":74,"466":74,"468":74,"479":0,"480":0,"483":0,"484":0,"486":0,"488":0,"489":0},"path":"/Users/coder/Documents/Code/Blockchains/GiftToken/alyra-projet-certification/contracts/GiftCard.sol","s":{"1":0,"2":0,"3":0,"4":0,"5":0,"6":0,"7":74,"8":0,"9":0,"10":3,"11":65,"12":65,"13":65,"14":0,"15":65,"16":65,"17":65,"18":0,"19":0,"20":0,"21":0,"22":0,"23":0,"24":0,"25":0,"26":0,"27":0,"28":0,"29":0,"30":0,"31":0,"32":0,"33":0,"34":0,"35":0,"36":0,"37":0,"38":0,"39":0,"40":0,"41":0,"42":0,"43":0,"44":0,"45":0,"46":0,"47":0,"48":0,"49":0,"50":0,"51":0,"52":0,"53":0,"54":0,"55":0,"56":74,"57":9,"58":65,"59":0,"60":0,"61":0,"62":0,"63":74,"64":74,"65":74,"66":74,"67":74,"68":0,"69":0,"70":0,"71":0,"72":0,"73":0,"74":0},"b":{"1":[0,0],"2":[0,0],"3":[0,0],"4":[0,0],"5":[0,0],"6":[0,0],"7":[74,0],"8":[0,0],"9":[0,0],"10":[65,0],"11":[65,0],"12":[0,65],"13":[0,0],"14":[0,0],"15":[0,0],"16":[0,0],"17":[0,0],"18":[0,0],"19":[0,0],"20":[0,0],"21":[0,0],"22":[0,0],"23":[0,0],"24":[0,0],"25":[0,0],"26":[0,0],"27":[0,0],"28":[0,0],"29":[9,65],"30":[0,0],"31":[74,0],"32":[74,0],"33":[0,0],"34":[0,0],"35":[0,0]},"f":{"1":0,"2":0,"3":0,"4":0,"5":0,"6":74,"7":0,"8":0,"9":3,"10":65,"11":0,"12":0,"13":0,"14":0,"15":0,"16":0,"17":0,"18":0,"19":0,"20":0,"21":0,"22":0,"23":0,"24":0,"25":0,"26":0,"27":0,"28":0,"29":0,"30":0,"31":0,"32":74,"33":0,"34":139,"35":74,"36":0},"fnMap":{"1":{"name":"isCreator","line":69,"loc":{"start":{"line":69,"column":4},"end":{"line":72,"column":4}}},"2":{"name":"isParticipant","line":77,"loc":{"start":{"line":77,"column":4},"end":{"line":80,"column":4}}},"3":{"name":"isBeneficiary","line":85,"loc":{"start":{"line":85,"column":4},"end":{"line":88,"column":4}}},"4":{"name":"isExistingSenderUser","line":93,"loc":{"start":{"line":93,"column":4},"end":{"line":96,"column":4}}},"5":{"name":"isWithdrawable","line":101,"loc":{"start":{"line":101,"column":4},"end":{"line":105,"column":4}}},"6":{"name":"isCardNotOpened","line":110,"loc":{"start":{"line":110,"column":4},"end":{"line":113,"column":4}}},"7":{"name":"isNotCompletlyReleased","line":118,"loc":{"start":{"line":118,"column":4},"end":{"line":121,"column":4}}},"8":{"name":"isDAOContract","line":126,"loc":{"start":{"line":126,"column":4},"end":{"line":129,"column":4}}},"9":{"name":null,"line":141,"loc":{"start":{"line":141,"column":4},"end":{"line":143,"column":4}}},"10":{"name":"constructor","line":155,"loc":{"start":{"line":155,"column":4},"end":{"line":188,"column":4}}},"11":{"name":"getIsCreator","line":195,"loc":{"start":{"line":195,"column":4},"end":{"line":197,"column":4}}},"12":{"name":"getCardDAOAddress","line":203,"loc":{"start":{"line":203,"column":4},"end":{"line":205,"column":4}}},"13":{"name":"getIsParticipant","line":212,"loc":{"start":{"line":212,"column":4},"end":{"line":214,"column":4}}},"14":{"name":"getIsBeneficiary","line":221,"loc":{"start":{"line":221,"column":4},"end":{"line":223,"column":4}}},"15":{"name":"getStatus","line":229,"loc":{"start":{"line":229,"column":4},"end":{"line":231,"column":4}}},"16":{"name":"getDateToBeReleased","line":237,"loc":{"start":{"line":237,"column":4},"end":{"line":239,"column":4}}},"17":{"name":"getCreator","line":245,"loc":{"start":{"line":245,"column":4},"end":{"line":247,"column":4}}},"18":{"name":"getBeneficiary","line":253,"loc":{"start":{"line":253,"column":4},"end":{"line":255,"column":4}}},"19":{"name":"getParticipantsCount","line":261,"loc":{"start":{"line":261,"column":4},"end":{"line":263,"column":4}}},"20":{"name":"getParticipants","line":269,"loc":{"start":{"line":269,"column":4},"end":{"line":271,"column":4}}},"21":{"name":"getParticipants","line":278,"loc":{"start":{"line":278,"column":4},"end":{"line":289,"column":4}}},"22":{"name":"getParticipants","line":297,"loc":{"start":{"line":297,"column":4},"end":{"line":308,"column":4}}},"23":{"name":"releaseAll","line":314,"loc":{"start":{"line":314,"column":4},"end":{"line":316,"column":4}}},"24":{"name":"release","line":323,"loc":{"start":{"line":323,"column":4},"end":{"line":326,"column":4}}},"25":{"name":"setStatusByDAO","line":332,"loc":{"start":{"line":332,"column":4},"end":{"line":334,"column":4}}},"26":{"name":"setBeneficiaryDAO","line":340,"loc":{"start":{"line":340,"column":4},"end":{"line":342,"column":4}}},"27":{"name":"sendMessage","line":348,"loc":{"start":{"line":348,"column":4},"end":{"line":354,"column":4}}},"28":{"name":"readMessage","line":360,"loc":{"start":{"line":360,"column":4},"end":{"line":362,"column":4}}},"29":{"name":"readMessage","line":369,"loc":{"start":{"line":369,"column":4},"end":{"line":380,"column":4}}},"30":{"name":"readMessage","line":388,"loc":{"start":{"line":388,"column":4},"end":{"line":399,"column":4}}},"31":{"name":"hasRole","line":408,"loc":{"start":{"line":408,"column":4},"end":{"line":410,"column":4}}},"32":{"name":"changeStatus","line":417,"loc":{"start":{"line":417,"column":4},"end":{"line":426,"column":4}}},"33":{"name":"changeBeneficiary","line":432,"loc":{"start":{"line":432,"column":4},"end":{"line":440,"column":4}}},"34":{"name":"addRole","line":448,"loc":{"start":{"line":448,"column":4},"end":{"line":450,"column":4}}},"35":{"name":"participate","line":458,"loc":{"start":{"line":458,"column":4},"end":{"line":469,"column":4}}},"36":{"name":"transfer","line":477,"loc":{"start":{"line":477,"column":4},"end":{"line":491,"column":4}}}},"statementMap":{"1":{"start":{"line":70,"column":8},"end":{"line":70,"column":66}},"2":{"start":{"line":78,"column":8},"end":{"line":78,"column":72}},"3":{"start":{"line":86,"column":8},"end":{"line":86,"column":74}},"4":{"start":{"line":94,"column":8},"end":{"line":94,"column":92}},"5":{"start":{"line":102,"column":8},"end":{"line":102,"column":87}},"6":{"start":{"line":103,"column":8},"end":{"line":103,"column":89}},"7":{"start":{"line":111,"column":8},"end":{"line":111,"column":71}},"8":{"start":{"line":119,"column":8},"end":{"line":119,"column":74}},"9":{"start":{"line":127,"column":8},"end":{"line":127,"column":80}},"10":{"start":{"line":142,"column":8},"end":{"line":142,"column":41}},"11":{"start":{"line":164,"column":8},"end":{"line":164,"column":73}},"12":{"start":{"line":165,"column":8},"end":{"line":165,"column":62}},"13":{"start":{"line":177,"column":8},"end":{"line":177,"column":4734}},"14":{"start":{"line":178,"column":12},"end":{"line":178,"column":49}},"15":{"start":{"line":181,"column":8},"end":{"line":181,"column":38}},"16":{"start":{"line":182,"column":8},"end":{"line":182,"column":39}},"17":{"start":{"line":187,"column":8},"end":{"line":187,"column":30}},"18":{"start":{"line":196,"column":8},"end":{"line":196,"column":46}},"19":{"start":{"line":204,"column":8},"end":{"line":204,"column":29}},"20":{"start":{"line":213,"column":8},"end":{"line":213,"column":50}},"21":{"start":{"line":222,"column":8},"end":{"line":222,"column":50}},"22":{"start":{"line":230,"column":8},"end":{"line":230,"column":27}},"23":{"start":{"line":238,"column":8},"end":{"line":238,"column":31}},"24":{"start":{"line":246,"column":8},"end":{"line":246,"column":22}},"25":{"start":{"line":254,"column":8},"end":{"line":254,"column":26}},"26":{"start":{"line":262,"column":8},"end":{"line":262,"column":34}},"27":{"start":{"line":270,"column":8},"end":{"line":270,"column":27}},"28":{"start":{"line":280,"column":8},"end":{"line":280,"column":78}},"29":{"start":{"line":282,"column":8},"end":{"line":282,"column":80}},"30":{"start":{"line":284,"column":8},"end":{"line":284,"column":7452}},"31":{"start":{"line":288,"column":8},"end":{"line":288,"column":21}},"32":{"start":{"line":298,"column":8},"end":{"line":298,"column":48}},"33":{"start":{"line":299,"column":8},"end":{"line":299,"column":76}},"34":{"start":{"line":301,"column":8},"end":{"line":301,"column":58}},"35":{"start":{"line":303,"column":8},"end":{"line":303,"column":8105}},"36":{"start":{"line":307,"column":8},"end":{"line":307,"column":21}},"37":{"start":{"line":315,"column":8},"end":{"line":315,"column":43}},"38":{"start":{"line":324,"column":8},"end":{"line":324,"column":96}},"39":{"start":{"line":325,"column":8},"end":{"line":325,"column":28}},"40":{"start":{"line":333,"column":8},"end":{"line":333,"column":31}},"41":{"start":{"line":341,"column":8},"end":{"line":341,"column":41}},"42":{"start":{"line":350,"column":8},"end":{"line":350,"column":79}},"43":{"start":{"line":351,"column":8},"end":{"line":351,"column":31}},"44":{"start":{"line":353,"column":8},"end":{"line":353,"column":38}},"45":{"start":{"line":361,"column":8},"end":{"line":361,"column":25}},"46":{"start":{"line":371,"column":8},"end":{"line":371,"column":76}},"47":{"start":{"line":373,"column":8},"end":{"line":373,"column":80}},"48":{"start":{"line":375,"column":8},"end":{"line":375,"column":10316}},"49":{"start":{"line":379,"column":8},"end":{"line":379,"column":21}},"50":{"start":{"line":389,"column":8},"end":{"line":389,"column":48}},"51":{"start":{"line":390,"column":8},"end":{"line":390,"column":76}},"52":{"start":{"line":392,"column":8},"end":{"line":392,"column":58}},"53":{"start":{"line":394,"column":8},"end":{"line":394,"column":10962}},"54":{"start":{"line":398,"column":8},"end":{"line":398,"column":21}},"55":{"start":{"line":409,"column":8},"end":{"line":409,"column":45}},"56":{"start":{"line":419,"column":8},"end":{"line":419,"column":11669}},"57":{"start":{"line":420,"column":12},"end":{"line":420,"column":18}},"58":{"start":{"line":425,"column":8},"end":{"line":425,"column":64}},"59":{"start":{"line":433,"column":8},"end":{"line":433,"column":84}},"60":{"start":{"line":435,"column":8},"end":{"line":435,"column":45}},"61":{"start":{"line":436,"column":8},"end":{"line":436,"column":44}},"62":{"start":{"line":439,"column":8},"end":{"line":439,"column":64}},"63":{"start":{"line":460,"column":8},"end":{"line":460,"column":12917}},"64":{"start":{"line":461,"column":12},"end":{"line":461,"column":50}},"65":{"start":{"line":465,"column":8},"end":{"line":465,"column":46}},"66":{"start":{"line":466,"column":8},"end":{"line":466,"column":38}},"67":{"start":{"line":468,"column":8},"end":{"line":468,"column":64}},"68":{"start":{"line":479,"column":8},"end":{"line":479,"column":13526}},"69":{"start":{"line":480,"column":12},"end":{"line":480,"column":53}},"70":{"start":{"line":483,"column":8},"end":{"line":483,"column":51}},"71":{"start":{"line":484,"column":8},"end":{"line":484,"column":44}},"72":{"start":{"line":486,"column":8},"end":{"line":486,"column":42}},"73":{"start":{"line":488,"column":8},"end":{"line":488,"column":13785}},"74":{"start":{"line":489,"column":12},"end":{"line":489,"column":44}}},"branchMap":{"1":{"line":70,"type":"if","locations":[{"start":{"line":70,"column":8},"end":{"line":70,"column":8}},{"start":{"line":70,"column":8},"end":{"line":70,"column":8}}]},"2":{"line":78,"type":"if","locations":[{"start":{"line":78,"column":8},"end":{"line":78,"column":8}},{"start":{"line":78,"column":8},"end":{"line":78,"column":8}}]},"3":{"line":86,"type":"if","locations":[{"start":{"line":86,"column":8},"end":{"line":86,"column":8}},{"start":{"line":86,"column":8},"end":{"line":86,"column":8}}]},"4":{"line":94,"type":"if","locations":[{"start":{"line":94,"column":8},"end":{"line":94,"column":8}},{"start":{"line":94,"column":8},"end":{"line":94,"column":8}}]},"5":{"line":102,"type":"if","locations":[{"start":{"line":102,"column":8},"end":{"line":102,"column":8}},{"start":{"line":102,"column":8},"end":{"line":102,"column":8}}]},"6":{"line":103,"type":"if","locations":[{"start":{"line":103,"column":8},"end":{"line":103,"column":8}},{"start":{"line":103,"column":8},"end":{"line":103,"column":8}}]},"7":{"line":111,"type":"if","locations":[{"start":{"line":111,"column":8},"end":{"line":111,"column":8}},{"start":{"line":111,"column":8},"end":{"line":111,"column":8}}]},"8":{"line":119,"type":"if","locations":[{"start":{"line":119,"column":8},"end":{"line":119,"column":8}},{"start":{"line":119,"column":8},"end":{"line":119,"column":8}}]},"9":{"line":127,"type":"if","locations":[{"start":{"line":127,"column":8},"end":{"line":127,"column":8}},{"start":{"line":127,"column":8},"end":{"line":127,"column":8}}]},"10":{"line":164,"type":"if","locations":[{"start":{"line":164,"column":8},"end":{"line":164,"column":8}},{"start":{"line":164,"column":8},"end":{"line":164,"column":8}}]},"11":{"line":165,"type":"if","locations":[{"start":{"line":165,"column":8},"end":{"line":165,"column":8}},{"start":{"line":165,"column":8},"end":{"line":165,"column":8}}]},"12":{"line":177,"type":"if","locations":[{"start":{"line":177,"column":8},"end":{"line":177,"column":8}},{"start":{"line":177,"column":8},"end":{"line":177,"column":8}}]},"13":{"line":280,"type":"if","locations":[{"start":{"line":280,"column":8},"end":{"line":280,"column":8}},{"start":{"line":280,"column":8},"end":{"line":280,"column":8}}]},"14":{"line":299,"type":"if","locations":[{"start":{"line":299,"column":8},"end":{"line":299,"column":8}},{"start":{"line":299,"column":8},"end":{"line":299,"column":8}}]},"15":{"line":314,"type":"if","locations":[{"start":{"line":314,"column":54},"end":{"line":314,"column":54}},{"start":{"line":314,"column":54},"end":{"line":314,"column":54}}]},"16":{"line":314,"type":"if","locations":[{"start":{"line":314,"column":68},"end":{"line":314,"column":68}},{"start":{"line":314,"column":68},"end":{"line":314,"column":68}}]},"17":{"line":314,"type":"if","locations":[{"start":{"line":314,"column":91},"end":{"line":314,"column":91}},{"start":{"line":314,"column":91},"end":{"line":314,"column":91}}]},"18":{"line":323,"type":"if","locations":[{"start":{"line":323,"column":64},"end":{"line":323,"column":64}},{"start":{"line":323,"column":64},"end":{"line":323,"column":64}}]},"19":{"line":323,"type":"if","locations":[{"start":{"line":323,"column":78},"end":{"line":323,"column":78}},{"start":{"line":323,"column":78},"end":{"line":323,"column":78}}]},"20":{"line":323,"type":"if","locations":[{"start":{"line":323,"column":101},"end":{"line":323,"column":101}},{"start":{"line":323,"column":101},"end":{"line":323,"column":101}}]},"21":{"line":324,"type":"if","locations":[{"start":{"line":324,"column":8},"end":{"line":324,"column":8}},{"start":{"line":324,"column":8},"end":{"line":324,"column":8}}]},"22":{"line":332,"type":"if","locations":[{"start":{"line":332,"column":60},"end":{"line":332,"column":60}},{"start":{"line":332,"column":60},"end":{"line":332,"column":60}}]},"23":{"line":332,"type":"if","locations":[{"start":{"line":332,"column":74},"end":{"line":332,"column":74}},{"start":{"line":332,"column":74},"end":{"line":332,"column":74}}]},"24":{"line":340,"type":"if","locations":[{"start":{"line":340,"column":65},"end":{"line":340,"column":65}},{"start":{"line":340,"column":65},"end":{"line":340,"column":65}}]},"25":{"line":340,"type":"if","locations":[{"start":{"line":340,"column":79},"end":{"line":340,"column":79}},{"start":{"line":340,"column":79},"end":{"line":340,"column":79}}]},"26":{"line":348,"type":"if","locations":[{"start":{"line":348,"column":51},"end":{"line":348,"column":51}},{"start":{"line":348,"column":51},"end":{"line":348,"column":51}}]},"27":{"line":371,"type":"if","locations":[{"start":{"line":371,"column":8},"end":{"line":371,"column":8}},{"start":{"line":371,"column":8},"end":{"line":371,"column":8}}]},"28":{"line":390,"type":"if","locations":[{"start":{"line":390,"column":8},"end":{"line":390,"column":8}},{"start":{"line":390,"column":8},"end":{"line":390,"column":8}}]},"29":{"line":419,"type":"if","locations":[{"start":{"line":419,"column":8},"end":{"line":419,"column":8}},{"start":{"line":419,"column":8},"end":{"line":419,"column":8}}]},"30":{"line":433,"type":"if","locations":[{"start":{"line":433,"column":8},"end":{"line":433,"column":8}},{"start":{"line":433,"column":8},"end":{"line":433,"column":8}}]},"31":{"line":458,"type":"if","locations":[{"start":{"line":458,"column":69},"end":{"line":458,"column":69}},{"start":{"line":458,"column":69},"end":{"line":458,"column":69}}]},"32":{"line":460,"type":"if","locations":[{"start":{"line":460,"column":8},"end":{"line":460,"column":8}},{"start":{"line":460,"column":8},"end":{"line":460,"column":8}}]},"33":{"line":479,"type":"if","locations":[{"start":{"line":479,"column":8},"end":{"line":479,"column":8}},{"start":{"line":479,"column":8},"end":{"line":479,"column":8}}]},"34":{"line":484,"type":"if","locations":[{"start":{"line":484,"column":8},"end":{"line":484,"column":8}},{"start":{"line":484,"column":8},"end":{"line":484,"column":8}}]},"35":{"line":488,"type":"if","locations":[{"start":{"line":488,"column":8},"end":{"line":488,"column":8}},{"start":{"line":488,"column":8},"end":{"line":488,"column":8}}]}}},"contracts/GiftDAO.sol":{"l":{"46":0,"47":0,"54":0,"55":0,"62":0,"63":0,"70":0,"71":0,"78":0,"79":0,"86":0,"93":0,"102":65,"110":0,"112":0,"113":0,"121":0,"123":0,"124":0,"132":0,"134":0,"135":0,"144":0,"145":0,"147":0,"148":0,"149":0,"150":0,"153":0,"162":0,"170":0,"171":0,"173":0,"174":0,"175":0,"178":0,"181":0,"189":0,"191":0,"192":0,"195":0,"198":0,"200":0,"201":0,"204":0,"207":0,"211":0,"212":0,"215":0,"226":0,"228":0,"229":0,"230":0,"233":0,"234":0,"236":0,"245":0,"246":0,"247":0,"250":0,"251":0},"path":"/Users/coder/Documents/Code/Blockchains/GiftToken/alyra-projet-certification/contracts/GiftDAO.sol","s":{"1":0,"2":0,"3":0,"4":0,"5":0,"6":0,"7":0,"8":0,"9":0,"10":0,"11":0,"12":0,"13":0,"14":0,"15":0,"16":0,"17":0,"18":0,"19":0,"20":0,"21":0,"22":0,"23":0,"24":0,"25":0,"26":0,"27":0,"28":0,"29":0,"30":0,"31":0,"32":0,"33":0,"34":0,"35":0,"36":0,"37":0,"38":0},"b":{"1":[0,0],"2":[0,0],"3":[0,0],"4":[0,0],"5":[0,0],"6":[0,0],"7":[0,0],"8":[0,0],"9":[0,0],"10":[0,0],"11":[0,0],"12":[0,0],"13":[0,0],"14":[0,0],"15":[0,0],"16":[0,0],"17":[0,0],"18":[0,0],"19":[0,0],"20":[0,0],"21":[0,0],"22":[0,0],"23":[0,0],"24":[0,0],"25":[0,0],"26":[0,0],"27":[0,0],"28":[0,0],"29":[0,0],"30":[0,0],"31":[0,0]},"f":{"1":0,"2":0,"3":0,"4":0,"5":0,"6":0,"7":65,"8":0,"9":0,"10":0,"11":0,"12":0,"13":0,"14":0,"15":0,"16":0},"fnMap":{"1":{"name":"isOpenableProposal","line":45,"loc":{"start":{"line":45,"column":4},"end":{"line":48,"column":4}}},"2":{"name":"isAddressParamAddress","line":53,"loc":{"start":{"line":53,"column":4},"end":{"line":56,"column":4}}},"3":{"name":"isVoteOpenedProposal","line":61,"loc":{"start":{"line":61,"column":4},"end":{"line":64,"column":4}}},"4":{"name":"isClosableProposal","line":69,"loc":{"start":{"line":69,"column":4},"end":{"line":72,"column":4}}},"5":{"name":"isCardNotOpened","line":77,"loc":{"start":{"line":77,"column":4},"end":{"line":80,"column":4}}},"6":{"name":null,"line":92,"loc":{"start":{"line":92,"column":4},"end":{"line":94,"column":4}}},"7":{"name":"constructor","line":100,"loc":{"start":{"line":100,"column":4},"end":{"line":103,"column":4}}},"8":{"name":"createOutpassedRequierementsProposal","line":109,"loc":{"start":{"line":109,"column":4},"end":{"line":114,"column":4}}},"9":{"name":"createDeclaredBeneficiaryProposal","line":120,"loc":{"start":{"line":120,"column":4},"end":{"line":125,"column":4}}},"10":{"name":"changeBeneficiary","line":131,"loc":{"start":{"line":131,"column":4},"end":{"line":136,"column":4}}},"11":{"name":"getProposals","line":142,"loc":{"start":{"line":142,"column":4},"end":{"line":154,"column":4}}},"12":{"name":"getVote","line":161,"loc":{"start":{"line":161,"column":4},"end":{"line":163,"column":4}}},"13":{"name":"vote","line":169,"loc":{"start":{"line":169,"column":4},"end":{"line":182,"column":4}}},"14":{"name":"determinateProposalResult","line":187,"loc":{"start":{"line":187,"column":4},"end":{"line":216,"column":4}}},"15":{"name":"addProposal","line":224,"loc":{"start":{"line":224,"column":4},"end":{"line":237,"column":4}}},"16":{"name":"manageProposalAccepted","line":243,"loc":{"start":{"line":243,"column":4},"end":{"line":253,"column":4}}}},"statementMap":{"1":{"start":{"line":46,"column":8},"end":{"line":46,"column":113}},"2":{"start":{"line":54,"column":8},"end":{"line":54,"column":81}},"3":{"start":{"line":62,"column":8},"end":{"line":62,"column":121}},"4":{"start":{"line":70,"column":8},"end":{"line":70,"column":97}},"5":{"start":{"line":78,"column":8},"end":{"line":78,"column":91}},"6":{"start":{"line":93,"column":8},"end":{"line":93,"column":43}},"7":{"start":{"line":110,"column":8},"end":{"line":110,"column":166}},"8":{"start":{"line":113,"column":8},"end":{"line":113,"column":76}},"9":{"start":{"line":121,"column":8},"end":{"line":121,"column":123}},"10":{"start":{"line":124,"column":8},"end":{"line":124,"column":70}},"11":{"start":{"line":132,"column":8},"end":{"line":132,"column":117}},"12":{"start":{"line":135,"column":8},"end":{"line":135,"column":69}},"13":{"start":{"line":144,"column":8},"end":{"line":144,"column":54}},"14":{"start":{"line":145,"column":8},"end":{"line":145,"column":21}},"15":{"start":{"line":147,"column":8},"end":{"line":147,"column":4561}},"16":{"start":{"line":148,"column":12},"end":{"line":148,"column":57}},"17":{"start":{"line":153,"column":8},"end":{"line":153,"column":22}},"18":{"start":{"line":162,"column":8},"end":{"line":162,"column":54}},"19":{"start":{"line":170,"column":8},"end":{"line":170,"column":88}},"20":{"start":{"line":171,"column":8},"end":{"line":171,"column":168}},"21":{"start":{"line":174,"column":8},"end":{"line":174,"column":5577}},"22":{"start":{"line":181,"column":8},"end":{"line":181,"column":74}},"23":{"start":{"line":191,"column":8},"end":{"line":191,"column":5998}},"24":{"start":{"line":194,"column":13},"end":{"line":194,"column":6163}},"25":{"start":{"line":198,"column":12},"end":{"line":198,"column":79}},"26":{"start":{"line":200,"column":12},"end":{"line":200,"column":6427}},"27":{"start":{"line":203,"column":17},"end":{"line":203,"column":6595}},"28":{"start":{"line":211,"column":8},"end":{"line":211,"column":6872}},"29":{"start":{"line":212,"column":12},"end":{"line":212,"column":35}},"30":{"start":{"line":215,"column":8},"end":{"line":215,"column":88}},"31":{"start":{"line":226,"column":8},"end":{"line":226,"column":21}},"32":{"start":{"line":228,"column":8},"end":{"line":228,"column":7488}},"33":{"start":{"line":236,"column":8},"end":{"line":236,"column":62}},"34":{"start":{"line":245,"column":8},"end":{"line":245,"column":8120}},"35":{"start":{"line":246,"column":12},"end":{"line":246,"column":40}},"36":{"start":{"line":247,"column":12},"end":{"line":247,"column":68}},"37":{"start":{"line":250,"column":12},"end":{"line":250,"column":83}},"38":{"start":{"line":251,"column":12},"end":{"line":251,"column":58}}},"branchMap":{"1":{"line":46,"type":"if","locations":[{"start":{"line":46,"column":8},"end":{"line":46,"column":8}},{"start":{"line":46,"column":8},"end":{"line":46,"column":8}}]},"2":{"line":54,"type":"if","locations":[{"start":{"line":54,"column":8},"end":{"line":54,"column":8}},{"start":{"line":54,"column":8},"end":{"line":54,"column":8}}]},"3":{"line":62,"type":"if","locations":[{"start":{"line":62,"column":8},"end":{"line":62,"column":8}},{"start":{"line":62,"column":8},"end":{"line":62,"column":8}}]},"4":{"line":70,"type":"if","locations":[{"start":{"line":70,"column":8},"end":{"line":70,"column":8}},{"start":{"line":70,"column":8},"end":{"line":70,"column":8}}]},"5":{"line":78,"type":"if","locations":[{"start":{"line":78,"column":8},"end":{"line":78,"column":8}},{"start":{"line":78,"column":8},"end":{"line":78,"column":8}}]},"6":{"line":109,"type":"if","locations":[{"start":{"line":109,"column":87},"end":{"line":109,"column":87}},{"start":{"line":109,"column":87},"end":{"line":109,"column":87}}]},"7":{"line":109,"type":"if","locations":[{"start":{"line":109,"column":105},"end":{"line":109,"column":105}},{"start":{"line":109,"column":105},"end":{"line":109,"column":105}}]},"8":{"line":110,"type":"if","locations":[{"start":{"line":110,"column":8},"end":{"line":110,"column":8}},{"start":{"line":110,"column":8},"end":{"line":110,"column":8}}]},"9":{"line":110,"type":"cond-expr","locations":[{"start":{"line":110,"column":16},"end":{"line":110,"column":69}},{"start":{"line":110,"column":74},"end":{"line":110,"column":121}}]},"10":{"line":120,"type":"if","locations":[{"start":{"line":120,"column":106},"end":{"line":120,"column":106}},{"start":{"line":120,"column":106},"end":{"line":120,"column":106}}]},"11":{"line":120,"type":"if","locations":[{"start":{"line":120,"column":124},"end":{"line":120,"column":124}},{"start":{"line":120,"column":124},"end":{"line":120,"column":124}}]},"12":{"line":120,"type":"if","locations":[{"start":{"line":120,"column":145},"end":{"line":120,"column":145}},{"start":{"line":120,"column":145},"end":{"line":120,"column":145}}]},"13":{"line":121,"type":"if","locations":[{"start":{"line":121,"column":8},"end":{"line":121,"column":8}},{"start":{"line":121,"column":8},"end":{"line":121,"column":8}}]},"14":{"line":131,"type":"if","locations":[{"start":{"line":131,"column":90},"end":{"line":131,"column":90}},{"start":{"line":131,"column":90},"end":{"line":131,"column":90}}]},"15":{"line":131,"type":"if","locations":[{"start":{"line":131,"column":108},"end":{"line":131,"column":108}},{"start":{"line":131,"column":108},"end":{"line":131,"column":108}}]},"16":{"line":131,"type":"if","locations":[{"start":{"line":131,"column":129},"end":{"line":131,"column":129}},{"start":{"line":131,"column":129},"end":{"line":131,"column":129}}]},"17":{"line":132,"type":"if","locations":[{"start":{"line":132,"column":8},"end":{"line":132,"column":8}},{"start":{"line":132,"column":8},"end":{"line":132,"column":8}}]},"18":{"line":169,"type":"if","locations":[{"start":{"line":169,"column":45},"end":{"line":169,"column":45}},{"start":{"line":169,"column":45},"end":{"line":169,"column":45}}]},"19":{"line":170,"type":"if","locations":[{"start":{"line":170,"column":8},"end":{"line":170,"column":8}},{"start":{"line":170,"column":8},"end":{"line":170,"column":8}}]},"20":{"line":171,"type":"if","locations":[{"start":{"line":171,"column":8},"end":{"line":171,"column":8}},{"start":{"line":171,"column":8},"end":{"line":171,"column":8}}]},"21":{"line":171,"type":"cond-expr","locations":[{"start":{"line":171,"column":16},"end":{"line":171,"column":75}},{"start":{"line":171,"column":80},"end":{"line":171,"column":139}}]},"22":{"line":173,"type":"if","locations":[{"start":{"line":173,"column":62},"end":{"line":173,"column":80}},{"start":{"line":173,"column":84},"end":{"line":173,"column":101}}]},"23":{"line":174,"type":"if","locations":[{"start":{"line":174,"column":8},"end":{"line":174,"column":8}},{"start":{"line":174,"column":8},"end":{"line":174,"column":8}}]},"24":{"line":187,"type":"if","locations":[{"start":{"line":187,"column":50},"end":{"line":187,"column":50}},{"start":{"line":187,"column":50},"end":{"line":187,"column":50}}]},"25":{"line":191,"type":"if","locations":[{"start":{"line":191,"column":8},"end":{"line":191,"column":8}},{"start":{"line":191,"column":8},"end":{"line":191,"column":8}}]},"26":{"line":194,"type":"if","locations":[{"start":{"line":194,"column":13},"end":{"line":194,"column":13}},{"start":{"line":194,"column":13},"end":{"line":194,"column":13}}]},"27":{"line":200,"type":"if","locations":[{"start":{"line":200,"column":12},"end":{"line":200,"column":12}},{"start":{"line":200,"column":12},"end":{"line":200,"column":12}}]},"28":{"line":203,"type":"if","locations":[{"start":{"line":203,"column":17},"end":{"line":203,"column":17}},{"start":{"line":203,"column":17},"end":{"line":203,"column":17}}]},"29":{"line":211,"type":"if","locations":[{"start":{"line":211,"column":8},"end":{"line":211,"column":8}},{"start":{"line":211,"column":8},"end":{"line":211,"column":8}}]},"30":{"line":211,"type":"cond-expr","locations":[{"start":{"line":211,"column":12},"end":{"line":211,"column":72}},{"start":{"line":211,"column":77},"end":{"line":211,"column":154}}]},"31":{"line":245,"type":"if","locations":[{"start":{"line":245,"column":8},"end":{"line":245,"column":8}},{"start":{"line":245,"column":8},"end":{"line":245,"column":8}}]}}},"contracts/GiftFactory.sol":{"l":{"34":3,"41":3,"48":60,"50":60,"68":54,"70":53,"71":53,"72":53,"73":53,"75":53,"83":5,"91":2,"101":4,"103":2,"105":2,"106":3,"109":2,"119":4,"120":4,"122":2,"124":2,"125":2,"128":2,"136":1},"path":"/Users/coder/Documents/Code/Blockchains/GiftToken/alyra-projet-certification/contracts/GiftFactory.sol","s":{"1":3,"2":60,"3":54,"4":53,"5":53,"6":53,"7":53,"8":5,"9":2,"10":4,"11":2,"12":2,"13":2,"14":4,"15":4,"16":2,"17":2,"18":2,"19":1},"b":{"1":[53,1],"2":[2,2],"3":[2,2]},"f":{"1":3,"2":60,"3":54,"4":5,"5":2,"6":4,"7":4,"8":1},"fnMap":{"1":{"name":null,"line":40,"loc":{"start":{"line":40,"column":4},"end":{"line":42,"column":4}}},"2":{"name":"constructor","line":47,"loc":{"start":{"line":47,"column":4},"end":{"line":51,"column":4}}},"3":{"name":"createCard","line":61,"loc":{"start":{"line":61,"column":4},"end":{"line":76,"column":4}}},"4":{"name":"getLinksCount","line":82,"loc":{"start":{"line":82,"column":4},"end":{"line":84,"column":4}}},"5":{"name":"getLinks","line":90,"loc":{"start":{"line":90,"column":4},"end":{"line":92,"column":4}}},"6":{"name":"getLinks","line":99,"loc":{"start":{"line":99,"column":4},"end":{"line":110,"column":4}}},"7":{"name":"getLinks","line":118,"loc":{"start":{"line":118,"column":4},"end":{"line":129,"column":4}}},"8":{"name":"getGiftNetwork","line":135,"loc":{"start":{"line":135,"column":4},"end":{"line":137,"column":4}}}},"statementMap":{"1":{"start":{"line":41,"column":8},"end":{"line":41,"column":43}},"2":{"start":{"line":50,"column":8},"end":{"line":50,"column":49}},"3":{"start":{"line":68,"column":8},"end":{"line":68,"column":59}},"4":{"start":{"line":70,"column":8},"end":{"line":70,"column":167}},"5":{"start":{"line":71,"column":8},"end":{"line":71,"column":43}},"6":{"start":{"line":73,"column":8},"end":{"line":73,"column":42}},"7":{"start":{"line":75,"column":8},"end":{"line":75,"column":65}},"8":{"start":{"line":83,"column":8},"end":{"line":83,"column":37}},"9":{"start":{"line":91,"column":8},"end":{"line":91,"column":30}},"10":{"start":{"line":101,"column":8},"end":{"line":101,"column":81}},"11":{"start":{"line":103,"column":8},"end":{"line":103,"column":83}},"12":{"start":{"line":105,"column":8},"end":{"line":105,"column":3079}},"13":{"start":{"line":109,"column":8},"end":{"line":109,"column":21}},"14":{"start":{"line":119,"column":8},"end":{"line":119,"column":48}},"15":{"start":{"line":120,"column":8},"end":{"line":120,"column":79}},"16":{"start":{"line":122,"column":8},"end":{"line":122,"column":58}},"17":{"start":{"line":124,"column":8},"end":{"line":124,"column":3756}},"18":{"start":{"line":128,"column":8},"end":{"line":128,"column":21}},"19":{"start":{"line":136,"column":8},"end":{"line":136,"column":35}}},"branchMap":{"1":{"line":68,"type":"if","locations":[{"start":{"line":68,"column":8},"end":{"line":68,"column":8}},{"start":{"line":68,"column":8},"end":{"line":68,"column":8}}]},"2":{"line":101,"type":"if","locations":[{"start":{"line":101,"column":8},"end":{"line":101,"column":8}},{"start":{"line":101,"column":8},"end":{"line":101,"column":8}}]},"3":{"line":120,"type":"if","locations":[{"start":{"line":120,"column":8},"end":{"line":120,"column":8}},{"start":{"line":120,"column":8},"end":{"line":120,"column":8}}]}}},"contracts/GiftNetwork.sol":{"l":{"31":5,"32":4,"33":3,"40":1,"41":0,"49":0,"50":0,"57":0,"64":0,"72":3,"81":2,"90":3,"92":3,"100":0,"102":0,"110":0,"119":0,"121":0,"122":0,"125":0,"127":0,"128":0,"129":0,"132":0,"142":0,"143":0,"144":0,"146":0,"155":0,"156":0,"167":0,"168":0,"171":0},"path":"/Users/coder/Documents/Code/Blockchains/GiftToken/alyra-projet-certification/contracts/GiftNetwork.sol","s":{"1":5,"2":4,"3":1,"4":0,"5":0,"6":3,"7":2,"8":3,"9":0,"10":0,"11":0,"12":0,"13":0,"14":0,"15":0,"16":0,"17":0,"18":0,"19":0,"20":0,"21":0,"22":0,"23":0,"24":0,"25":0,"26":0,"27":0},"b":{"1":[4,1],"2":[3,1],"3":[0,1],"4":[0,0],"5":[3,2],"6":[0,0],"7":[0,0],"8":[0,1],"9":[0,0],"10":[0,0],"11":[0,0],"12":[0,0],"13":[0,0]},"f":{"1":5,"2":1,"3":0,"4":0,"5":3,"6":2,"7":3,"8":0,"9":0,"10":0,"11":0,"12":0,"13":0},"fnMap":{"1":{"name":"isStringOK","line":30,"loc":{"start":{"line":30,"column":4},"end":{"line":34,"column":4}}},"2":{"name":"isExistingSenderUser","line":39,"loc":{"start":{"line":39,"column":4},"end":{"line":42,"column":4}}},"3":{"name":"isExistingUser","line":48,"loc":{"start":{"line":48,"column":4},"end":{"line":51,"column":4}}},"4":{"name":null,"line":63,"loc":{"start":{"line":63,"column":4},"end":{"line":65,"column":4}}},"5":{"name":"getUserExists","line":71,"loc":{"start":{"line":71,"column":4},"end":{"line":73,"column":4}}},"6":{"name":"getUser","line":80,"loc":{"start":{"line":80,"column":4},"end":{"line":82,"column":4}}},"7":{"name":"setUser","line":89,"loc":{"start":{"line":89,"column":4},"end":{"line":93,"column":4}}},"8":{"name":"addFriend","line":99,"loc":{"start":{"line":99,"column":4},"end":{"line":103,"column":4}}},"9":{"name":"getFriends","line":109,"loc":{"start":{"line":109,"column":4},"end":{"line":111,"column":4}}},"10":{"name":"getFriendsAsUsers","line":117,"loc":{"start":{"line":117,"column":4},"end":{"line":133,"column":4}}},"11":{"name":"sendMessage","line":140,"loc":{"start":{"line":140,"column":4},"end":{"line":147,"column":4}}},"12":{"name":"readMessage","line":154,"loc":{"start":{"line":154,"column":4},"end":{"line":157,"column":4}}},"13":{"name":"getChatCode","line":165,"loc":{"start":{"line":165,"column":4},"end":{"line":172,"column":4}}}},"statementMap":{"1":{"start":{"line":31,"column":8},"end":{"line":31,"column":60}},"2":{"start":{"line":32,"column":8},"end":{"line":32,"column":68}},"3":{"start":{"line":40,"column":8},"end":{"line":40,"column":80}},"4":{"start":{"line":49,"column":8},"end":{"line":49,"column":79}},"5":{"start":{"line":64,"column":8},"end":{"line":64,"column":43}},"6":{"start":{"line":72,"column":8},"end":{"line":72,"column":52}},"7":{"start":{"line":81,"column":8},"end":{"line":81,"column":27}},"8":{"start":{"line":92,"column":8},"end":{"line":92,"column":44}},"9":{"start":{"line":100,"column":8},"end":{"line":100,"column":46}},"10":{"start":{"line":102,"column":8},"end":{"line":102,"column":45}},"11":{"start":{"line":110,"column":8},"end":{"line":110,"column":40}},"12":{"start":{"line":119,"column":8},"end":{"line":119,"column":54}},"13":{"start":{"line":121,"column":8},"end":{"line":121,"column":3229}},"14":{"start":{"line":122,"column":12},"end":{"line":122,"column":32}},"15":{"start":{"line":125,"column":8},"end":{"line":125,"column":49}},"16":{"start":{"line":127,"column":8},"end":{"line":127,"column":3352}},"17":{"start":{"line":128,"column":12},"end":{"line":128,"column":70}},"18":{"start":{"line":132,"column":8},"end":{"line":132,"column":22}},"19":{"start":{"line":142,"column":8},"end":{"line":142,"column":55}},"20":{"start":{"line":143,"column":8},"end":{"line":143,"column":79}},"21":{"start":{"line":144,"column":8},"end":{"line":144,"column":43}},"22":{"start":{"line":146,"column":8},"end":{"line":146,"column":38}},"23":{"start":{"line":155,"column":8},"end":{"line":155,"column":71}},"24":{"start":{"line":156,"column":8},"end":{"line":156,"column":37}},"25":{"start":{"line":167,"column":8},"end":{"line":167,"column":4675}},"26":{"start":{"line":168,"column":12},"end":{"line":168,"column":62}},"27":{"start":{"line":171,"column":8},"end":{"line":171,"column":58}}},"branchMap":{"1":{"line":31,"type":"if","locations":[{"start":{"line":31,"column":8},"end":{"line":31,"column":8}},{"start":{"line":31,"column":8},"end":{"line":31,"column":8}}]},"2":{"line":32,"type":"if","locations":[{"start":{"line":32,"column":8},"end":{"line":32,"column":8}},{"start":{"line":32,"column":8},"end":{"line":32,"column":8}}]},"3":{"line":40,"type":"if","locations":[{"start":{"line":40,"column":8},"end":{"line":40,"column":8}},{"start":{"line":40,"column":8},"end":{"line":40,"column":8}}]},"4":{"line":49,"type":"if","locations":[{"start":{"line":49,"column":8},"end":{"line":49,"column":8}},{"start":{"line":49,"column":8},"end":{"line":49,"column":8}}]},"5":{"line":89,"type":"if","locations":[{"start":{"line":89,"column":82},"end":{"line":89,"column":82}},{"start":{"line":89,"column":82},"end":{"line":89,"column":82}}]},"6":{"line":99,"type":"if","locations":[{"start":{"line":99,"column":49},"end":{"line":99,"column":49}},{"start":{"line":99,"column":49},"end":{"line":99,"column":49}}]},"7":{"line":99,"type":"if","locations":[{"start":{"line":99,"column":70},"end":{"line":99,"column":70}},{"start":{"line":99,"column":70},"end":{"line":99,"column":70}}]},"8":{"line":109,"type":"if","locations":[{"start":{"line":109,"column":40},"end":{"line":109,"column":40}},{"start":{"line":109,"column":40},"end":{"line":109,"column":40}}]},"9":{"line":117,"type":"if","locations":[{"start":{"line":117,"column":47},"end":{"line":117,"column":47}},{"start":{"line":117,"column":47},"end":{"line":117,"column":47}}]},"10":{"line":121,"type":"if","locations":[{"start":{"line":121,"column":8},"end":{"line":121,"column":8}},{"start":{"line":121,"column":8},"end":{"line":121,"column":8}}]},"11":{"line":140,"type":"if","locations":[{"start":{"line":140,"column":64},"end":{"line":140,"column":64}},{"start":{"line":140,"column":64},"end":{"line":140,"column":64}}]},"12":{"line":140,"type":"if","locations":[{"start":{"line":140,"column":85},"end":{"line":140,"column":85}},{"start":{"line":140,"column":85},"end":{"line":140,"column":85}}]},"13":{"line":167,"type":"if","locations":[{"start":{"line":167,"column":8},"end":{"line":167,"column":8}},{"start":{"line":167,"column":8},"end":{"line":167,"column":8}}]}}},"contracts/interfaces/IGiftCard.sol":{"l":{},"path":"/Users/coder/Documents/Code/Blockchains/GiftToken/alyra-projet-certification/contracts/interfaces/IGiftCard.sol","s":{},"b":{},"f":{},"fnMap":{},"statementMap":{},"branchMap":{}},"contracts/interfaces/IGiftDAO.sol":{"l":{},"path":"/Users/coder/Documents/Code/Blockchains/GiftToken/alyra-projet-certification/contracts/interfaces/IGiftDAO.sol","s":{},"b":{},"f":{},"fnMap":{},"statementMap":{},"branchMap":{}},"contracts/interfaces/IGiftNetwork.sol":{"l":{},"path":"/Users/coder/Documents/Code/Blockchains/GiftToken/alyra-projet-certification/contracts/interfaces/IGiftNetwork.sol","s":{},"b":{},"f":{},"fnMap":{},"statementMap":{},"branchMap":{}},"contracts/structures/Message.sol":{"l":{},"path":"/Users/coder/Documents/Code/Blockchains/GiftToken/alyra-projet-certification/contracts/structures/Message.sol","s":{},"b":{},"f":{},"fnMap":{},"statementMap":{},"branchMap":{}},"contracts/structures/Proposal.sol":{"l":{},"path":"/Users/coder/Documents/Code/Blockchains/GiftToken/alyra-projet-certification/contracts/structures/Proposal.sol","s":{},"b":{},"f":{},"fnMap":{},"statementMap":{},"branchMap":{}},"contracts/structures/User.sol":{"l":{},"path":"/Users/coder/Documents/Code/Blockchains/GiftToken/alyra-projet-certification/contracts/structures/User.sol","s":{},"b":{},"f":{},"fnMap":{},"statementMap":{},"branchMap":{}}}